app/build/intermediates/manifest_merge_blame_file/debug/manifest-merger-blame-debug-report.txt
1<?xml version="1.0" encoding="utf-8"?>
2<manifest xmlns:android="http://schemas.android.com/apk/res/android"
3    package="com.warke.lightshadowart.mobile"
4    android:versionCode="1"
5    android:versionName="1.0" >
6
7    <uses-sdk
8        android:minSdkVersion="24"
9        android:targetSdkVersion="34" />
10
11    <uses-permission android:name="android.permission.INTERNET" />
11-->src\main\AndroidManifest.xml:5:5-67
11-->src\main\AndroidManifest.xml:5:22-64
12    <uses-permission android:name="android.permission.ACCESS_NETWORK_STATE" />
12-->src\main\AndroidManifest.xml:6:5-79
12-->src\main\AndroidManifest.xml:6:22-76
13    <uses-permission android:name="android.permission.ACCESS_WIFI_STATE" />
13-->src\main\AndroidManifest.xml:7:5-76
13-->src\main\AndroidManifest.xml:7:22-73
14    <uses-permission android:name="android.permission.CHANGE_WIFI_STATE" />
14-->src\main\AndroidManifest.xml:8:5-76
14-->src\main\AndroidManifest.xml:8:22-73
15    <!--
16        requestNetwork(带 WifiNetworkSpecifier) 会被 ConnectivityService.enforceChangePermission
17        拦下，要求持有 CHANGE_NETWORK_STATE 或 WRITE_SETTINGS 之一。CHANGE_NETWORK_STATE 是
18        normal 级权限（安装即授予），声明后即可通过校验；WRITE_SETTINGS 需用户到系统设置手动授权。
19    -->
20    <uses-permission android:name="android.permission.CHANGE_NETWORK_STATE" />
20-->src\main\AndroidManifest.xml:14:5-79
20-->src\main\AndroidManifest.xml:14:22-76
21    <uses-permission android:name="android.permission.CAMERA" />
21-->src\main\AndroidManifest.xml:15:5-65
21-->src\main\AndroidManifest.xml:15:22-62
22
23    <!--
24        NSD(mDNS) 发现：Android 的 Wi-Fi 省电策略会过滤组播包，
25        需要 MulticastLock 才能稳定收到 mDNS 响应，声明该权限后运行时再持有锁。
26    -->
27    <uses-permission android:name="android.permission.CHANGE_WIFI_MULTICAST_STATE" />
27-->src\main\AndroidManifest.xml:21:5-86
27-->src\main\AndroidManifest.xml:21:22-83
28
29    <!--
30        自动接入设备热点：Android 13+ 用「附近的设备」。
31        这里不加 neverForLocation：本 App 确实要读 Wi-Fi 扫描列表（「连接 Wi-Fi」页让用户选网络），
32        而扫描结果本身就带位置信息，按位置类用途声明才不会拿到被系统过滤/置空的结果。
33    -->
34    <uses-permission android:name="android.permission.NEARBY_WIFI_DEVICES" />
34-->src\main\AndroidManifest.xml:28:5-30:38
34-->src\main\AndroidManifest.xml:29:9-62
35
36    <!--
37        读取「当前 Wi-Fi 名」与「Wi-Fi 列表」：官方文档明确 getScanResults()/startScan() 即使
38        targetSdk 33+ 也仍然要求 ACCESS_FINE_LOCATION，因此不能再限制 maxSdkVersion="32"
39        （限制后 Android 13+ 上等于没有该权限，列表恒为空、SSID 被抹成 <unknown ssid>）。
40        同时要 COARSE：Android 12+ 只给「大概位置」时精确位置仍为拒绝，扫描列表同样读不到。
41        仅用于读取网络名，不采集位置信息。
42    -->
43    <uses-permission android:name="android.permission.ACCESS_FINE_LOCATION" />
43-->src\main\AndroidManifest.xml:39:5-79
43-->src\main\AndroidManifest.xml:39:22-76
44    <uses-permission android:name="android.permission.ACCESS_COARSE_LOCATION" />
44-->src\main\AndroidManifest.xml:40:5-81
44-->src\main\AndroidManifest.xml:40:22-78
45
46    <uses-feature
46-->src\main\AndroidManifest.xml:42:5-44:36
47        android:name="android.hardware.camera"
47-->src\main\AndroidManifest.xml:43:9-47
48        android:required="false" />
48-->src\main\AndroidManifest.xml:44:9-33
49
50    <permission
50-->[androidx.core:core:1.12.0] AndroidManifest.xml:22:5-24:47
51        android:name="com.warke.lightshadowart.mobile.DYNAMIC_RECEIVER_NOT_EXPORTED_PERMISSION"
51-->[androidx.core:core:1.12.0] AndroidManifest.xml:23:9-81
52        android:protectionLevel="signature" />
52-->[androidx.core:core:1.12.0] AndroidManifest.xml:24:9-44
53
54    <uses-permission android:name="com.warke.lightshadowart.mobile.DYNAMIC_RECEIVER_NOT_EXPORTED_PERMISSION" />
54-->[androidx.core:core:1.12.0] AndroidManifest.xml:26:5-97
54-->[androidx.core:core:1.12.0] AndroidManifest.xml:26:22-94
55
56    <uses-feature
56-->[com.journeyapps:zxing-android-embedded:4.3.0] AndroidManifest.xml:28:5-30:36
57        android:name="android.hardware.camera.front"
57-->[com.journeyapps:zxing-android-embedded:4.3.0] AndroidManifest.xml:29:9-53
58        android:required="false" /> <!-- TODO replace above two with next line after Android 4.2 -->
58-->[com.journeyapps:zxing-android-embedded:4.3.0] AndroidManifest.xml:30:9-33
59    <!-- <uses-feature android:name="android.hardware.camera.any"/> -->
60    <uses-feature
60-->[com.journeyapps:zxing-android-embedded:4.3.0] AndroidManifest.xml:33:5-35:36
61        android:name="android.hardware.camera.autofocus"
61-->[com.journeyapps:zxing-android-embedded:4.3.0] AndroidManifest.xml:34:9-57
62        android:required="false" />
62-->[com.journeyapps:zxing-android-embedded:4.3.0] AndroidManifest.xml:35:9-33
63    <uses-feature
63-->[com.journeyapps:zxing-android-embedded:4.3.0] AndroidManifest.xml:36:5-38:36
64        android:name="android.hardware.camera.flash"
64-->[com.journeyapps:zxing-android-embedded:4.3.0] AndroidManifest.xml:37:9-53
65        android:required="false" />
65-->[com.journeyapps:zxing-android-embedded:4.3.0] AndroidManifest.xml:38:9-33
66    <uses-feature
66-->[com.journeyapps:zxing-android-embedded:4.3.0] AndroidManifest.xml:39:5-41:36
67        android:name="android.hardware.screen.landscape"
67-->[com.journeyapps:zxing-android-embedded:4.3.0] AndroidManifest.xml:40:9-57
68        android:required="false" />
68-->[com.journeyapps:zxing-android-embedded:4.3.0] AndroidManifest.xml:41:9-33
69    <uses-feature
69-->[com.journeyapps:zxing-android-embedded:4.3.0] AndroidManifest.xml:42:5-44:36
70        android:name="android.hardware.wifi"
70-->[com.journeyapps:zxing-android-embedded:4.3.0] AndroidManifest.xml:43:9-45
71        android:required="false" />
71-->[com.journeyapps:zxing-android-embedded:4.3.0] AndroidManifest.xml:44:9-33
72
73    <application
73-->src\main\AndroidManifest.xml:46:5-69:19
74        android:allowBackup="true"
74-->src\main\AndroidManifest.xml:47:9-35
75        android:appComponentFactory="androidx.core.app.CoreComponentFactory"
75-->[androidx.core:core:1.12.0] AndroidManifest.xml:28:18-86
76        android:debuggable="true"
77        android:extractNativeLibs="false"
78        android:icon="@mipmap/ic_launcher"
78-->src\main\AndroidManifest.xml:48:9-43
79        android:label="@string/app_name"
79-->src\main\AndroidManifest.xml:49:9-41
80        android:roundIcon="@mipmap/ic_launcher_round"
80-->src\main\AndroidManifest.xml:50:9-54
81        android:supportsRtl="true"
81-->src\main\AndroidManifest.xml:51:9-35
82        android:theme="@style/Theme.LightShadowArtPhone"
82-->src\main\AndroidManifest.xml:52:9-57
83        android:usesCleartextTraffic="true" >
83-->src\main\AndroidManifest.xml:53:9-44
84        <activity
84-->src\main\AndroidManifest.xml:55:9-63:20
85            android:name="com.warke.lightshadowart.mobile.MainActivity"
85-->src\main\AndroidManifest.xml:56:13-41
86            android:exported="true"
86-->src\main\AndroidManifest.xml:57:13-36
87            android:screenOrientation="portrait" >
87-->src\main\AndroidManifest.xml:58:13-49
88            <intent-filter>
88-->src\main\AndroidManifest.xml:59:13-62:29
89                <action android:name="android.intent.action.MAIN" />
89-->src\main\AndroidManifest.xml:60:17-69
89-->src\main\AndroidManifest.xml:60:25-66
90
91                <category android:name="android.intent.category.LAUNCHER" />
91-->src\main\AndroidManifest.xml:61:17-77
91-->src\main\AndroidManifest.xml:61:27-74
92            </intent-filter>
93        </activity>
94        <activity
94-->src\main\AndroidManifest.xml:65:9-68:52
95            android:name="com.warke.lightshadowart.mobile.WifiConfigActivity"
95-->src\main\AndroidManifest.xml:66:13-47
96            android:exported="false"
96-->src\main\AndroidManifest.xml:67:13-37
97            android:screenOrientation="portrait" />
97-->src\main\AndroidManifest.xml:68:13-49
98
99        <provider
99-->[androidx.emoji2:emoji2:1.2.0] AndroidManifest.xml:24:9-32:20
100            android:name="androidx.startup.InitializationProvider"
100-->[androidx.emoji2:emoji2:1.2.0] AndroidManifest.xml:25:13-67
101            android:authorities="com.warke.lightshadowart.mobile.androidx-startup"
101-->[androidx.emoji2:emoji2:1.2.0] AndroidManifest.xml:26:13-68
102            android:exported="false" >
102-->[androidx.emoji2:emoji2:1.2.0] AndroidManifest.xml:27:13-37
103            <meta-data
103-->[androidx.emoji2:emoji2:1.2.0] AndroidManifest.xml:29:13-31:52
104                android:name="androidx.emoji2.text.EmojiCompatInitializer"
104-->[androidx.emoji2:emoji2:1.2.0] AndroidManifest.xml:30:17-75
105                android:value="androidx.startup" />
105-->[androidx.emoji2:emoji2:1.2.0] AndroidManifest.xml:31:17-49
106            <meta-data
106-->[androidx.lifecycle:lifecycle-process:2.7.0] AndroidManifest.xml:29:13-31:52
107                android:name="androidx.lifecycle.ProcessLifecycleInitializer"
107-->[androidx.lifecycle:lifecycle-process:2.7.0] AndroidManifest.xml:30:17-78
108                android:value="androidx.startup" />
108-->[androidx.lifecycle:lifecycle-process:2.7.0] AndroidManifest.xml:31:17-49
109            <meta-data
109-->[androidx.profileinstaller:profileinstaller:1.3.0] AndroidManifest.xml:29:13-31:52
110                android:name="androidx.profileinstaller.ProfileInstallerInitializer"
110-->[androidx.profileinstaller:profileinstaller:1.3.0] AndroidManifest.xml:30:17-85
111                android:value="androidx.startup" />
111-->[androidx.profileinstaller:profileinstaller:1.3.0] AndroidManifest.xml:31:17-49
112        </provider>
113
114        <receiver
114-->[androidx.profileinstaller:profileinstaller:1.3.0] AndroidManifest.xml:34:9-52:20
115            android:name="androidx.profileinstaller.ProfileInstallReceiver"
115-->[androidx.profileinstaller:profileinstaller:1.3.0] AndroidManifest.xml:35:13-76
116            android:directBootAware="false"
116-->[androidx.profileinstaller:profileinstaller:1.3.0] AndroidManifest.xml:36:13-44
117            android:enabled="true"
117-->[androidx.profileinstaller:profileinstaller:1.3.0] AndroidManifest.xml:37:13-35
118            android:exported="true"
118-->[androidx.profileinstaller:profileinstaller:1.3.0] AndroidManifest.xml:38:13-36
119            android:permission="android.permission.DUMP" >
119-->[androidx.profileinstaller:profileinstaller:1.3.0] AndroidManifest.xml:39:13-57
120            <intent-filter>
120-->[androidx.profileinstaller:profileinstaller:1.3.0] AndroidManifest.xml:40:13-42:29
121                <action android:name="androidx.profileinstaller.action.INSTALL_PROFILE" />
121-->[androidx.profileinstaller:profileinstaller:1.3.0] AndroidManifest.xml:41:17-91
121-->[androidx.profileinstaller:profileinstaller:1.3.0] AndroidManifest.xml:41:25-88
122            </intent-filter>
123            <intent-filter>
123-->[androidx.profileinstaller:profileinstaller:1.3.0] AndroidManifest.xml:43:13-45:29
124                <action android:name="androidx.profileinstaller.action.SKIP_FILE" />
124-->[androidx.profileinstaller:profileinstaller:1.3.0] AndroidManifest.xml:44:17-85
124-->[androidx.profileinstaller:profileinstaller:1.3.0] AndroidManifest.xml:44:25-82
125            </intent-filter>
126            <intent-filter>
126-->[androidx.profileinstaller:profileinstaller:1.3.0] AndroidManifest.xml:46:13-48:29
127                <action android:name="androidx.profileinstaller.action.SAVE_PROFILE" />
127-->[androidx.profileinstaller:profileinstaller:1.3.0] AndroidManifest.xml:47:17-88
127-->[androidx.profileinstaller:profileinstaller:1.3.0] AndroidManifest.xml:47:25-85
128            </intent-filter>
129            <intent-filter>
129-->[androidx.profileinstaller:profileinstaller:1.3.0] AndroidManifest.xml:49:13-51:29
130                <action android:name="androidx.profileinstaller.action.BENCHMARK_OPERATION" />
130-->[androidx.profileinstaller:profileinstaller:1.3.0] AndroidManifest.xml:50:17-95
130-->[androidx.profileinstaller:profileinstaller:1.3.0] AndroidManifest.xml:50:25-92
131            </intent-filter>
132        </receiver>
133
134        <activity
134-->[com.journeyapps:zxing-android-embedded:4.3.0] AndroidManifest.xml:47:9-53:63
135            android:name="com.journeyapps.barcodescanner.CaptureActivity"
135-->[com.journeyapps:zxing-android-embedded:4.3.0] AndroidManifest.xml:48:13-74
136            android:clearTaskOnLaunch="true"
136-->[com.journeyapps:zxing-android-embedded:4.3.0] AndroidManifest.xml:49:13-45
137            android:screenOrientation="sensorLandscape"
137-->[com.journeyapps:zxing-android-embedded:4.3.0] AndroidManifest.xml:50:13-56
138            android:stateNotNeeded="true"
138-->[com.journeyapps:zxing-android-embedded:4.3.0] AndroidManifest.xml:51:13-42
139            android:theme="@style/zxing_CaptureTheme"
139-->[com.journeyapps:zxing-android-embedded:4.3.0] AndroidManifest.xml:52:13-54
140            android:windowSoftInputMode="stateAlwaysHidden" />
140-->[com.journeyapps:zxing-android-embedded:4.3.0] AndroidManifest.xml:53:13-60
141    </application>
142
143</manifest>